<?xml version="1.0" encoding="UTF-8"?>
<testsuite xmlns:xsi="http://www.w3.org/2001/XMLSchema-instance" xsi:noNamespaceSchemaLocation="https://maven.apache.org/surefire/maven-surefire-plugin/xsd/surefire-test-report.xsd" name="com.mengxuegu.springboot.SpringBootBillApplicationTests" time="7.462" tests="3" errors="1" skipped="0" failures="0">
  <properties>
[...]
</properties>
  <testcase name="testBill" classname="com.mengxuegu.springboot.SpringBootBillApplicationTests" time="1.123">
    <error type="java.lang.NullPointerException">java.lang.NullPointerException
	at com.mengxuegu.springboot.SpringBootBillApplicationTests.testBill(SpringBootBillApplicationTests.java:56)
</error>
    <system-out><![CDATA[19:58:52.623 [main] DEBUG org.springframework.test.context.junit4.SpringJUnit4ClassRunner - SpringJUnit4ClassRunner constructor called with [class com.mengxuegu.springboot.SpringBootBillApplicationTests]
19:58:52.629 [main] DEBUG org.springframework.test.context.BootstrapUtils - Instantiating CacheAwareContextLoaderDelegate from class [org.springframework.test.context.cache.DefaultCacheAwareContextLoaderDelegate]
19:58:52.641 [main] DEBUG org.springframework.test.context.BootstrapUtils - Instantiating BootstrapContext using constructor [public org.springframework.test.context.support.DefaultBootstrapContext(java.lang.Class,org.springframework.test.context.CacheAwareContextLoaderDelegate)]
19:58:52.669 [main] DEBUG org.springframework.test.context.BootstrapUtils - Instantiating TestContextBootstrapper for test class [com.mengxuegu.springboot.SpringBootBillApplicationTests] from class [org.springframework.boot.test.context.SpringBootTestContextBootstrapper]
19:58:52.688 [main] INFO org.springframework.boot.test.context.SpringBootTestContextBootstrapper - Neither @ContextConfiguration nor @ContextHierarchy found for test class [com.mengxuegu.springboot.SpringBootBillApplicationTests], using SpringBootContextLoader
19:58:52.692 [main] DEBUG org.springframework.test.context.support.AbstractContextLoader - Did not detect default resource location for test class [com.mengxuegu.springboot.SpringBootBillApplicationTests]: class path resource [com/mengxuegu/springboot/SpringBootBillApplicationTests-context.xml] does not exist
19:58:52.693 [main] DEBUG org.springframework.test.context.support.AbstractContextLoader - Did not detect default resource location for test class [com.mengxuegu.springboot.SpringBootBillApplicationTests]: class path resource [com/mengxuegu/springboot/SpringBootBillApplicationTestsContext.groovy] does not exist
19:58:52.693 [main] INFO org.springframework.test.context.support.AbstractContextLoader - Could not detect default resource locations for test class [com.mengxuegu.springboot.SpringBootBillApplicationTests]: no resource found for suffixes {-context.xml, Context.groovy}.
19:58:52.694 [main] INFO org.springframework.test.context.support.AnnotationConfigContextLoaderUtils - Could not detect default configuration classes for test class [com.mengxuegu.springboot.SpringBootBillApplicationTests]: SpringBootBillApplicationTests does not declare any static, non-private, non-final, nested classes annotated with @Configuration.
19:58:52.753 [main] DEBUG org.springframework.test.context.support.ActiveProfilesUtils - Could not find an 'annotation declaring class' for annotation type [org.springframework.test.context.ActiveProfiles] and class [com.mengxuegu.springboot.SpringBootBillApplicationTests]
19:58:52.882 [main] DEBUG org.springframework.context.annotation.ClassPathScanningCandidateComponentProvider - Identified candidate component class: file [D:\SpringBootProject\spring-boot-00-bill\target\classes\com\mengxuegu\springboot\SpringBootBillApplication.class]
19:58:52.885 [main] INFO org.springframework.boot.test.context.SpringBootTestContextBootstrapper - Found @SpringBootConfiguration com.mengxuegu.springboot.SpringBootBillApplication for test class com.mengxuegu.springboot.SpringBootBillApplicationTests
19:58:53.006 [main] DEBUG org.springframework.boot.test.context.SpringBootTestContextBootstrapper - @TestExecutionListeners is not present for class [com.mengxuegu.springboot.SpringBootBillApplicationTests]: using defaults.
19:58:53.006 [main] INFO org.springframework.boot.test.context.SpringBootTestContextBootstrapper - Loaded default TestExecutionListener class names from location [META-INF/spring.factories]: [org.springframework.boot.test.mock.mockito.MockitoTestExecutionListener, org.springframework.boot.test.mock.mockito.ResetMocksTestExecutionListener, org.springframework.boot.test.autoconfigure.restdocs.RestDocsTestExecutionListener, org.springframework.boot.test.autoconfigure.web.client.MockRestServiceServerResetTestExecutionListener, org.springframework.boot.test.autoconfigure.web.servlet.MockMvcPrintOnlyOnFailureTestExecutionListener, org.springframework.boot.test.autoconfigure.web.servlet.WebDriverTestExecutionListener, org.springframework.test.context.web.ServletTestExecutionListener, org.springframework.test.context.support.DirtiesContextBeforeModesTestExecutionListener, org.springframework.test.context.support.DependencyInjectionTestExecutionListener, org.springframework.test.context.support.DirtiesContextTestExecutionListener, org.springframework.test.context.transaction.TransactionalTestExecutionListener, org.springframework.test.context.jdbc.SqlScriptsTestExecutionListener]
19:58:53.030 [main] INFO org.springframework.boot.test.context.SpringBootTestContextBootstrapper - Using TestExecutionListeners: [org.springframework.test.context.web.ServletTestExecutionListener@74e52ef6, org.springframework.test.context.support.DirtiesContextBeforeModesTestExecutionListener@6ed3ccb2, org.springframework.boot.test.mock.mockito.MockitoTestExecutionListener@1a677343, org.springframework.boot.test.autoconfigure.SpringBootDependencyInjectionTestExecutionListener@15de0b3c, org.springframework.test.context.support.DirtiesContextTestExecutionListener@489115ef, org.springframework.test.context.transaction.TransactionalTestExecutionListener@3857f613, org.springframework.test.context.jdbc.SqlScriptsTestExecutionListener@198b6731, org.springframework.boot.test.mock.mockito.ResetMocksTestExecutionListener@7c6908d7, org.springframework.boot.test.autoconfigure.restdocs.RestDocsTestExecutionListener@3c9754d8, org.springframework.boot.test.autoconfigure.web.client.MockRestServiceServerResetTestExecutionListener@3bf7ca37, org.springframework.boot.test.autoconfigure.web.servlet.MockMvcPrintOnlyOnFailureTestExecutionListener@79079097, org.springframework.boot.test.autoconfigure.web.servlet.WebDriverTestExecutionListener@4d1c00d0]
19:58:53.033 [main] DEBUG org.springframework.test.annotation.ProfileValueUtils - Retrieved @ProfileValueSourceConfiguration [null] for test class [com.mengxuegu.springboot.SpringBootBillApplicationTests]
19:58:53.033 [main] DEBUG org.springframework.test.annotation.ProfileValueUtils - Retrieved ProfileValueSource type [class org.springframework.test.annotation.SystemProfileValueSource] for class [com.mengxuegu.springboot.SpringBootBillApplicationTests]
19:58:53.036 [main] DEBUG org.springframework.test.annotation.ProfileValueUtils - Retrieved @ProfileValueSourceConfiguration [null] for test class [com.mengxuegu.springboot.SpringBootBillApplicationTests]
19:58:53.036 [main] DEBUG org.springframework.test.annotation.ProfileValueUtils - Retrieved ProfileValueSource type [class org.springframework.test.annotation.SystemProfileValueSource] for class [com.mengxuegu.springboot.SpringBootBillApplicationTests]
19:58:53.037 [main] DEBUG org.springframework.test.annotation.ProfileValueUtils - Retrieved @ProfileValueSourceConfiguration [null] for test class [com.mengxuegu.springboot.SpringBootBillApplicationTests]
19:58:53.037 [main] DEBUG org.springframework.test.annotation.ProfileValueUtils - Retrieved ProfileValueSource type [class org.springframework.test.annotation.SystemProfileValueSource] for class [com.mengxuegu.springboot.SpringBootBillApplicationTests]
19:58:53.045 [main] DEBUG org.springframework.test.context.support.AbstractDirtiesContextTestExecutionListener - Before test class: context [DefaultTestContext@4c178a76 testClass = SpringBootBillApplicationTests, testInstance = [null], testMethod = [null], testException = [null], mergedContextConfiguration = [WebMergedContextConfiguration@fa4c865 testClass = SpringBootBillApplicationTests, locations = '{}', classes = '{class com.mengxuegu.springboot.SpringBootBillApplication}', contextInitializerClasses = '[]', activeProfiles = '{}', propertySourceLocations = '{}', propertySourceProperties = '{org.springframework.boot.test.context.SpringBootTestContextBootstrapper=true}', contextCustomizers = set[org.springframework.boot.test.context.filter.ExcludeFilterContextCustomizer@6483f5ae, org.springframework.boot.test.json.DuplicateJsonObjectContextCustomizerFactory$DuplicateJsonObjectContextCustomizer@80169cf, org.springframework.boot.test.mock.mockito.MockitoContextCustomizer@0, org.springframework.boot.test.web.client.TestRestTemplateContextCustomizer@6c9f5c0d, org.springframework.boot.test.autoconfigure.properties.PropertyMappingContextCustomizer@0, org.springframework.boot.test.autoconfigure.web.servlet.WebDriverContextCustomizerFactory$Customizer@1442d7b5], resourceBasePath = 'src/main/webapp', contextLoader = 'org.springframework.boot.test.context.SpringBootContextLoader', parent = [null]], attributes = map['org.springframework.test.context.web.ServletTestExecutionListener.activateListener' -> true]], class annotated with @DirtiesContext [false] with mode [null].
19:58:53.046 [main] DEBUG org.springframework.test.annotation.ProfileValueUtils - Retrieved @ProfileValueSourceConfiguration [null] for test class [com.mengxuegu.springboot.SpringBootBillApplicationTests]
19:58:53.046 [main] DEBUG org.springframework.test.annotation.ProfileValueUtils - Retrieved ProfileValueSource type [class org.springframework.test.annotation.SystemProfileValueSource] for class [com.mengxuegu.springboot.SpringBootBillApplicationTests]
19:58:53.080 [main] DEBUG org.springframework.test.context.support.TestPropertySourceUtils - Adding inlined properties to environment: {spring.jmx.enabled=false, org.springframework.boot.test.context.SpringBootTestContextBootstrapper=true, server.port=-1}

  .   ____          _            __ _ _
 /\\ / ___'_ __ _ _(_)_ __  __ _ \ \ \ \
( ( )\___ | '_ | '_| | '_ \/ _` | \ \ \ \
 \\/  ___)| |_)| | | | | || (_| |  ) ) ) )
  '  |____| .__|_| |_|_| |_\__, | / / / /
 =========|_|==============|___/=/_/_/_/
 :: Spring Boot ::        (v2.1.0.RELEASE)

2018-11-17 19:58:54.027  INFO 208 --- [           main] c.m.s.SpringBootBillApplicationTests     : Starting SpringBootBillApplicationTests on PC201802211917 with PID 208 (started by Administrator in D:\SpringBootProject\spring-boot-00-bill)
2018-11-17 19:58:54.030  INFO 208 --- [           main] c.m.s.SpringBootBillApplicationTests     : No active profile set, falling back to default profiles: default
2018-11-17 19:58:56.102 ERROR 208 --- [           main] com.alibaba.druid.filter.FilterManager   : load filter error, filter not found : logback
2018-11-17 19:58:57.590  INFO 208 --- [           main] o.s.s.concurrent.ThreadPoolTaskExecutor  : Initializing ExecutorService 'applicationTaskExecutor'
2018-11-17 19:58:58.296  INFO 208 --- [           main] c.m.s.SpringBootBillApplicationTests     : Started SpringBootBillApplicationTests in 5.201 seconds (JVM running for 6.399)
2018-11-17 19:58:59.122  INFO 208 --- [           main] com.alibaba.druid.pool.DruidDataSource   : {dataSource-1} inited
2018-11-17 19:58:59.136 DEBUG 208 --- [           main] c.m.s.mapper.BillMapper.getBills         : ==>  Preparing: select b.*, p.providerName from bill b left join provider p on b.pid=p.pid where 1=1 and bill_name like '%com%' and b.pid = ? 
2018-11-17 19:58:59.382 DEBUG 208 --- [           main] c.m.s.mapper.BillMapper.getBills         : ==> Parameters: 1(Integer)
2018-11-17 19:58:59.420 DEBUG 208 --- [           main] c.m.s.mapper.BillMapper.getBills         : <==      Total: 1
Bill{bid=3, billCode='b_003', billName='com域名', billCom='年', billNum=33, money=15000.0, provider=null, pay=0, createDate=Sun Nov 12 11:58:00 CST 2028}
2018-11-17 19:58:59.426 DEBUG 208 --- [           main] c.m.s.mapper.BillMapper.getBillByBid     : ==>  Preparing: select b.*, p.providerName from bill b left join provider p on b.pid=p.pid where bid = ? 
2018-11-17 19:58:59.429 DEBUG 208 --- [           main] c.m.s.mapper.BillMapper.getBillByBid     : ==> Parameters: 1(Integer)
2018-11-17 19:58:59.430 DEBUG 208 --- [           main] c.m.s.mapper.BillMapper.getBillByBid     : <==      Total: 0
null
]]></system-out>
  </testcase>
  <testcase name="testUser" classname="com.mengxuegu.springboot.SpringBootBillApplicationTests" time="0.136"/>
  <testcase name="contextLoads" classname="com.mengxuegu.springboot.SpringBootBillApplicationTests" time="0.177"/>
</testsuite>